	.file	"goto_error.c"
	.section	.rodata
.LC0:
	.string	"hello"
.LC1:
	.string	"probe before goto ..."
.LC2:
	.string	"this is error"
.LC3:
	.string	"this is another_error ..."
	.text
	.globl	main
	.type	main, @function
main:
.LFB2:
	.cfi_startproc
	pushq	%rbp
	.cfi_def_cfa_offset 16
	.cfi_offset 6, -16
	movq	%rsp, %rbp
	.cfi_def_cfa_register 6
	subq	$16, %rsp
	movl	$0, -16(%rbp)
	movl	$1, -12(%rbp)
	movq	$.LC0, -8(%rbp)
	movl	$.LC1, %edi
	call	puts
	nop
.L2:
	movl	$.LC2, %edi
	call	puts
.L3:
	movl	$.LC3, %edi
	call	puts
	movl	$0, %eax
	leave
	.cfi_def_cfa 7, 8
	ret
	.cfi_endproc
.LFE2:
	.size	main, .-main
	.ident	"GCC: (Ubuntu 5.4.0-6ubuntu1~16.04.5) 5.4.0 20160609"
	.section	.note.GNU-stack,"",@progbits
